Analysis & Synthesis report for seven_Segment
Mon May 16 18:31:13 2016
Quartus II Version 9.0 Build 132 02/25/2009 SJ Web Edition


---------------------
; Table of Contents ;
---------------------
  1. Legal Notice
  2. Analysis & Synthesis Summary
  3. Analysis & Synthesis Settings
  4. Analysis & Synthesis Source Files Read
  5. Analysis & Synthesis Resource Usage Summary
  6. Analysis & Synthesis Resource Utilization by Entity
  7. User-Specified and Inferred Latches
  8. General Register Statistics
  9. Parameter Settings for User Entity Instance: Top-level Entity: |seven_Segment
 10. Analysis & Synthesis Messages



----------------
; Legal Notice ;
----------------
Copyright (C) 1991-2009 Altera Corporation
Your use of Altera Corporation's design tools, logic functions 
and other software and tools, and its AMPP partner logic 
functions, and any output files from any of the foregoing 
(including device programming or simulation files), and any 
associated documentation or information are expressly subject 
to the terms and conditions of the Altera Program License 
Subscription Agreement, Altera MegaCore Function License 
Agreement, or other applicable license agreement, including, 
without limitation, that your use is for the sole purpose of 
programming logic devices manufactured by Altera and sold by 
Altera or its authorized distributors.  Please refer to the 
applicable agreement for further details.



+------------------------------------------------------------------------------+
; Analysis & Synthesis Summary                                                 ;
+------------------------------------+-----------------------------------------+
; Analysis & Synthesis Status        ; Successful - Mon May 16 18:31:13 2016   ;
; Quartus II Version                 ; 9.0 Build 132 02/25/2009 SJ Web Edition ;
; Revision Name                      ; seven_Segment                           ;
; Top-level Entity Name              ; seven_Segment                           ;
; Family                             ; Cyclone II                              ;
; Total logic elements               ; 15                                      ;
;     Total combinational functions  ; 15                                      ;
;     Dedicated logic registers      ; 0                                       ;
; Total registers                    ; 0                                       ;
; Total pins                         ; 11                                      ;
; Total virtual pins                 ; 0                                       ;
; Total memory bits                  ; 0                                       ;
; Embedded Multiplier 9-bit elements ; 0                                       ;
; Total PLLs                         ; 0                                       ;
+------------------------------------+-----------------------------------------+


+----------------------------------------------------------------------------------------------------------+
; Analysis & Synthesis Settings                                                                            ;
+----------------------------------------------------------------+--------------------+--------------------+
; Option                                                         ; Setting            ; Default Value      ;
+----------------------------------------------------------------+--------------------+--------------------+
; Device                                                         ; EP2C20F484C7       ;                    ;
; Top-level entity name                                          ; seven_Segment      ; seven_Segment      ;
; Family name                                                    ; Cyclone II         ; Stratix II         ;
; Use Generated Physical Constraints File                        ; Off                ;                    ;
; Use smart compilation                                          ; Off                ; Off                ;
; Restructure Multiplexers                                       ; Auto               ; Auto               ;
; Create Debugging Nodes for IP Cores                            ; Off                ; Off                ;
; Preserve fewer node names                                      ; On                 ; On                 ;
; Disable OpenCore Plus hardware evaluation                      ; Off                ; Off                ;
; Verilog Version                                                ; Verilog_2001       ; Verilog_2001       ;
; VHDL Version                                                   ; VHDL93             ; VHDL93             ;
; State Machine Processing                                       ; Auto               ; Auto               ;
; Safe State Machine                                             ; Off                ; Off                ;
; Extract Verilog State Machines                                 ; On                 ; On                 ;
; Extract VHDL State Machines                                    ; On                 ; On                 ;
; Ignore Verilog initial constructs                              ; Off                ; Off                ;
; Iteration limit for constant Verilog loops                     ; 5000               ; 5000               ;
; Iteration limit for non-constant Verilog loops                 ; 250                ; 250                ;
; Add Pass-Through Logic to Inferred RAMs                        ; On                 ; On                 ;
; Parallel Synthesis                                             ; Off                ; Off                ;
; DSP Block Balancing                                            ; Auto               ; Auto               ;
; NOT Gate Push-Back                                             ; On                 ; On                 ;
; Power-Up Don't Care                                            ; On                 ; On                 ;
; Remove Redundant Logic Cells                                   ; Off                ; Off                ;
; Remove Duplicate Registers                                     ; On                 ; On                 ;
; Ignore CARRY Buffers                                           ; Off                ; Off                ;
; Ignore CASCADE Buffers                                         ; Off                ; Off                ;
; Ignore GLOBAL Buffers                                          ; Off                ; Off                ;
; Ignore ROW GLOBAL Buffers                                      ; Off                ; Off                ;
; Ignore LCELL Buffers                                           ; Off                ; Off                ;
; Ignore SOFT Buffers                                            ; On                 ; On                 ;
; Limit AHDL Integers to 32 Bits                                 ; Off                ; Off                ;
; Optimization Technique                                         ; Balanced           ; Balanced           ;
; Carry Chain Length                                             ; 70                 ; 70                 ;
; Auto Carry Chains                                              ; On                 ; On                 ;
; Auto Open-Drain Pins                                           ; On                 ; On                 ;
; Perform WYSIWYG Primitive Resynthesis                          ; Off                ; Off                ;
; Auto ROM Replacement                                           ; On                 ; On                 ;
; Auto RAM Replacement                                           ; On                 ; On                 ;
; Auto Shift Register Replacement                                ; Auto               ; Auto               ;
; Auto Clock Enable Replacement                                  ; On                 ; On                 ;
; Strict RAM Replacement                                         ; Off                ; Off                ;
; Allow Synchronous Control Signals                              ; On                 ; On                 ;
; Force Use of Synchronous Clear Signals                         ; Off                ; Off                ;
; Auto RAM to Logic Cell Conversion                              ; Off                ; Off                ;
; Auto Resource Sharing                                          ; Off                ; Off                ;
; Allow Any RAM Size For Recognition                             ; Off                ; Off                ;
; Allow Any ROM Size For Recognition                             ; Off                ; Off                ;
; Allow Any Shift Register Size For Recognition                  ; Off                ; Off                ;
; Use LogicLock Constraints during Resource Balancing            ; On                 ; On                 ;
; Ignore translate_off and synthesis_off directives              ; Off                ; Off                ;
; Timing-Driven Synthesis                                        ; Off                ; Off                ;
; Show Parameter Settings Tables in Synthesis Report             ; On                 ; On                 ;
; Ignore Maximum Fan-Out Assignments                             ; Off                ; Off                ;
; Synchronization Register Chain Length                          ; 2                  ; 2                  ;
; PowerPlay Power Optimization                                   ; Normal compilation ; Normal compilation ;
; HDL message level                                              ; Level2             ; Level2             ;
; Suppress Register Optimization Related Messages                ; Off                ; Off                ;
; Number of Removed Registers Reported in Synthesis Report       ; 100                ; 100                ;
; Number of Inverted Registers Reported in Synthesis Report      ; 100                ; 100                ;
; Clock MUX Protection                                           ; On                 ; On                 ;
; Auto Gated Clock Conversion                                    ; Off                ; Off                ;
; Block Design Naming                                            ; Auto               ; Auto               ;
; SDC constraint protection                                      ; Off                ; Off                ;
; Synthesis Effort                                               ; Auto               ; Auto               ;
; Allows Asynchronous Clear Usage For Shift Register Replacement ; On                 ; On                 ;
; Analysis & Synthesis Message Level                             ; Medium             ; Medium             ;
+----------------------------------------------------------------+--------------------+--------------------+


+-----------------------------------------------------------------------------------------------------------------------------------------------------------------+
; Analysis & Synthesis Source Files Read                                                                                                                          ;
+----------------------------------+-----------------+------------------------+-----------------------------------------------------------------------------------+
; File Name with User-Entered Path ; Used in Netlist ; File Type              ; File Name with Absolute Path                                                      ;
+----------------------------------+-----------------+------------------------+-----------------------------------------------------------------------------------+
; seven_Segment.v                  ; yes             ; User Verilog HDL File  ; C:/Users/Mohammed Shilleh/Desktop/Quartus WorkSpace/seven_Segment/seven_Segment.v ;
+----------------------------------+-----------------+------------------------+-----------------------------------------------------------------------------------+


+---------------------------------------------------------+
; Analysis & Synthesis Resource Usage Summary             ;
+---------------------------------------------+-----------+
; Resource                                    ; Usage     ;
+---------------------------------------------+-----------+
; Estimated Total logic elements              ; 15        ;
;                                             ;           ;
; Total combinational functions               ; 15        ;
; Logic element usage by number of LUT inputs ;           ;
;     -- 4 input functions                    ; 8         ;
;     -- 3 input functions                    ; 7         ;
;     -- <=2 input functions                  ; 0         ;
;                                             ;           ;
; Logic elements by mode                      ;           ;
;     -- normal mode                          ; 15        ;
;     -- arithmetic mode                      ; 0         ;
;                                             ;           ;
; Total registers                             ; 0         ;
;     -- Dedicated logic registers            ; 0         ;
;     -- I/O registers                        ; 0         ;
;                                             ;           ;
; I/O pins                                    ; 11        ;
; Maximum fan-out node                        ; inputs[0] ;
; Maximum fan-out                             ; 8         ;
; Total fan-out                               ; 60        ;
; Average fan-out                             ; 2.31      ;
+---------------------------------------------+-----------+


+-----------------------------------------------------------------------------------------------------------------------------------------------------------------------------+
; Analysis & Synthesis Resource Utilization by Entity                                                                                                                         ;
+----------------------------+-------------------+--------------+-------------+--------------+---------+-----------+------+--------------+---------------------+--------------+
; Compilation Hierarchy Node ; LC Combinationals ; LC Registers ; Memory Bits ; DSP Elements ; DSP 9x9 ; DSP 18x18 ; Pins ; Virtual Pins ; Full Hierarchy Name ; Library Name ;
+----------------------------+-------------------+--------------+-------------+--------------+---------+-----------+------+--------------+---------------------+--------------+
; |seven_Segment             ; 15 (15)           ; 0 (0)        ; 0           ; 0            ; 0       ; 0         ; 11   ; 0            ; |seven_Segment      ; work         ;
+----------------------------+-------------------+--------------+-------------+--------------+---------+-----------+------+--------------+---------------------+--------------+
Note: For table entries with two numbers listed, the numbers in parentheses indicate the number of resources of the given type used by the specific entity alone. The numbers listed outside of parentheses indicate the total resources of the given type used by the specific entity and all of its sub-entities in the hierarchy.


+---------------------------------------------------------------------------------------------------+
; User-Specified and Inferred Latches                                                               ;
+----------------------------------------------------+---------------------+------------------------+
; Latch Name                                         ; Latch Enable Signal ; Free of Timing Hazards ;
+----------------------------------------------------+---------------------+------------------------+
; outputs[0]$latch                                   ; Mux7                ; yes                    ;
; outputs[1]$latch                                   ; Mux7                ; yes                    ;
; outputs[2]$latch                                   ; Mux7                ; yes                    ;
; outputs[3]$latch                                   ; Mux7                ; yes                    ;
; outputs[4]$latch                                   ; Mux7                ; yes                    ;
; outputs[5]$latch                                   ; Mux7                ; yes                    ;
; outputs[6]$latch                                   ; Mux7                ; yes                    ;
; Number of user-specified and inferred latches = 7  ;                     ;                        ;
+----------------------------------------------------+---------------------+------------------------+
Note: All latches listed above may not be present at the end of synthesis due to various synthesis optimizations.


+------------------------------------------------------+
; General Register Statistics                          ;
+----------------------------------------------+-------+
; Statistic                                    ; Value ;
+----------------------------------------------+-------+
; Total registers                              ; 0     ;
; Number of registers using Synchronous Clear  ; 0     ;
; Number of registers using Synchronous Load   ; 0     ;
; Number of registers using Asynchronous Clear ; 0     ;
; Number of registers using Asynchronous Load  ; 0     ;
; Number of registers using Clock Enable       ; 0     ;
; Number of registers using Preset             ; 0     ;
+----------------------------------------------+-------+


+-------------------------------------------------------------------------------+
; Parameter Settings for User Entity Instance: Top-level Entity: |seven_Segment ;
+----------------+-------+------------------------------------------------------+
; Parameter Name ; Value ; Type                                                 ;
+----------------+-------+------------------------------------------------------+
; j              ; 10    ; Signed Integer                                       ;
; b              ; 11    ; Signed Integer                                       ;
; s              ; 12    ; Signed Integer                                       ;
+----------------+-------+------------------------------------------------------+
Note: In order to hide this table in the UI and the text report file, please set the "Show Parameter Settings Tables in Synthesis Report" option in "Analysis and Synthesis Settings -> More Settings" to "Off".


+-------------------------------+
; Analysis & Synthesis Messages ;
+-------------------------------+
Info: *******************************************************************
Info: Running Quartus II Analysis & Synthesis
    Info: Version 9.0 Build 132 02/25/2009 SJ Web Edition
    Info: Processing started: Mon May 16 18:31:12 2016
Info: Command: quartus_map --read_settings_files=on --write_settings_files=off seven_Segment -c seven_Segment
Info: Found 1 design units, including 1 entities, in source file seven_Segment.v
    Info: Found entity 1: seven_Segment
Warning (10227): Verilog HDL Port Declaration warning at seven_Segment.v(5): data type declaration for "inputs" declares packed dimensions but the port declaration declaration does not
Info (10151): Verilog HDL Declaration information at seven_Segment.v(2): "inputs" is declared here
Warning (10227): Verilog HDL Port Declaration warning at seven_Segment.v(6): data type declaration for "outputs" declares packed dimensions but the port declaration declaration does not
Info (10151): Verilog HDL Declaration information at seven_Segment.v(3): "outputs" is declared here
Info: Elaborating entity "seven_Segment" for the top level hierarchy
Warning (10270): Verilog HDL Case Statement warning at seven_Segment.v(14): incomplete case statement has no default case item
Warning (10240): Verilog HDL Always Construct warning at seven_Segment.v(12): inferring latch(es) for variable "outputs", which holds its previous value in one or more paths through the always construct
Info (10041): Inferred latch for "outputs[0]" at seven_Segment.v(12)
Info (10041): Inferred latch for "outputs[1]" at seven_Segment.v(12)
Info (10041): Inferred latch for "outputs[2]" at seven_Segment.v(12)
Info (10041): Inferred latch for "outputs[3]" at seven_Segment.v(12)
Info (10041): Inferred latch for "outputs[4]" at seven_Segment.v(12)
Info (10041): Inferred latch for "outputs[5]" at seven_Segment.v(12)
Info (10041): Inferred latch for "outputs[6]" at seven_Segment.v(12)
Warning: Latch outputs[0]$latch has unsafe behavior
    Warning: Ports D and ENA on the latch are fed by the same signal inputs[0]
Warning: Latch outputs[1]$latch has unsafe behavior
    Warning: Ports D and ENA on the latch are fed by the same signal inputs[0]
Warning: Latch outputs[2]$latch has unsafe behavior
    Warning: Ports D and ENA on the latch are fed by the same signal inputs[0]
Warning: Latch outputs[3]$latch has unsafe behavior
    Warning: Ports D and ENA on the latch are fed by the same signal inputs[0]
Warning: Latch outputs[4]$latch has unsafe behavior
    Warning: Ports D and ENA on the latch are fed by the same signal inputs[0]
Warning: Latch outputs[5]$latch has unsafe behavior
    Warning: Ports D and ENA on the latch are fed by the same signal inputs[0]
Warning: Latch outputs[6]$latch has unsafe behavior
    Warning: Ports D and ENA on the latch are fed by the same signal inputs[0]
Info: Implemented 26 device resources after synthesis - the final resource count might be different
    Info: Implemented 4 input pins
    Info: Implemented 7 output pins
    Info: Implemented 15 logic cells
Info: Quartus II Analysis & Synthesis was successful. 0 errors, 18 warnings
    Info: Peak virtual memory: 244 megabytes
    Info: Processing ended: Mon May 16 18:31:13 2016
    Info: Elapsed time: 00:00:01
    Info: Total CPU time (on all processors): 00:00:01


