Flow report for LabDigitalProject
Wed May 18 14:18:58 2016
Quartus II Version 9.0 Build 132 02/25/2009 SJ Web Edition


---------------------
; Table of Contents ;
---------------------
  1. Legal Notice
  2. Flow Summary
  3. Flow Settings
  4. Flow Non-Default Global Settings
  5. Flow Elapsed Time
  6. Flow OS Summary
  7. Flow Log



----------------
; Legal Notice ;
----------------
Copyright (C) 1991-2009 Altera Corporation
Your use of Altera Corporation's design tools, logic functions 
and other software and tools, and its AMPP partner logic 
functions, and any output files from any of the foregoing 
(including device programming or simulation files), and any 
associated documentation or information are expressly subject 
to the terms and conditions of the Altera Program License 
Subscription Agreement, Altera MegaCore Function License 
Agreement, or other applicable license agreement, including, 
without limitation, that your use is for the sole purpose of 
programming logic devices manufactured by Altera and sold by 
Altera or its authorized distributors.  Please refer to the 
applicable agreement for further details.



+------------------------------------------------------------------------------+
; Flow Summary                                                                 ;
+------------------------------------+-----------------------------------------+
; Flow Status                        ; Successful - Wed May 18 14:18:58 2016   ;
; Quartus II Version                 ; 9.0 Build 132 02/25/2009 SJ Web Edition ;
; Revision Name                      ; LabDigitalProject                       ;
; Top-level Entity Name              ; LabDigitalProject                       ;
; Family                             ; Cyclone II                              ;
; Device                             ; EP2C20F484C7                            ;
; Timing Models                      ; Final                                   ;
; Met timing requirements            ; No                                      ;
; Total logic elements               ; 167 / 18,752 ( < 1 % )                  ;
;     Total combinational functions  ; 167 / 18,752 ( < 1 % )                  ;
;     Dedicated logic registers      ; 44 / 18,752 ( < 1 % )                   ;
; Total registers                    ; 44                                      ;
; Total pins                         ; 27 / 315 ( 9 % )                        ;
; Total virtual pins                 ; 0                                       ;
; Total memory bits                  ; 0 / 239,616 ( 0 % )                     ;
; Embedded Multiplier 9-bit elements ; 0 / 52 ( 0 % )                          ;
; Total PLLs                         ; 0 / 4 ( 0 % )                           ;
+------------------------------------+-----------------------------------------+


+-----------------------------------------+
; Flow Settings                           ;
+-------------------+---------------------+
; Option            ; Setting             ;
+-------------------+---------------------+
; Start date & time ; 05/18/2016 14:18:36 ;
; Main task         ; Compilation         ;
; Revision Name     ; LabDigitalProject   ;
+-------------------+---------------------+


+---------------------------------------------------------------------------------------------------------------------------------------------------------------------------------+
; Flow Non-Default Global Settings                                                                                                                                                ;
+------------------------------------+---------------------------------------------------------------------------------------------+---------------+-------------+----------------+
; Assignment Name                    ; Value                                                                                       ; Default Value ; Entity Name ; Section Id     ;
+------------------------------------+---------------------------------------------------------------------------------------------+---------------+-------------+----------------+
; COMPILER_SIGNATURE_ID              ; 110479673411.146357031502436                                                                ; --            ; --          ; --             ;
; MAX_CORE_JUNCTION_TEMP             ; 85                                                                                          ; --            ; --          ; --             ;
; MIN_CORE_JUNCTION_TEMP             ; 0                                                                                           ; --            ; --          ; --             ;
; MISC_FILE                          ; C:/Users/Mohammed Shilleh/Desktop/Quartus WorkSpace/LabDigitalProject/LabDigitalProject.dpf ; --            ; --          ; --             ;
; PARTITION_COLOR                    ; 16764057                                                                                    ; --            ; --          ; Top            ;
; PARTITION_NETLIST_TYPE             ; SOURCE                                                                                      ; --            ; --          ; Top            ;
; USE_GENERATED_PHYSICAL_CONSTRAINTS ; Off                                                                                         ; --            ; --          ; eda_blast_fpga ;
+------------------------------------+---------------------------------------------------------------------------------------------+---------------+-------------+----------------+


+-----------------------------------------------------------------------------------------------------------------------------+
; Flow Elapsed Time                                                                                                           ;
+-------------------------+--------------+-------------------------+---------------------+------------------------------------+
; Module Name             ; Elapsed Time ; Average Processors Used ; Peak Virtual Memory ; Total CPU Time (on all processors) ;
+-------------------------+--------------+-------------------------+---------------------+------------------------------------+
; Analysis & Synthesis    ; 00:00:02     ; 1.0                     ; 172 MB              ; 00:00:01                           ;
; Fitter                  ; 00:00:07     ; 1.0                     ; 202 MB              ; 00:00:05                           ;
; Assembler               ; 00:00:04     ; 1.0                     ; 183 MB              ; 00:00:04                           ;
; Classic Timing Analyzer ; 00:00:01     ; 1.0                     ; 121 MB              ; 00:00:00                           ;
; Total                   ; 00:00:14     ; --                      ; --                  ; 00:00:10                           ;
+-------------------------+--------------+-------------------------+---------------------+------------------------------------+


+---------------------------------------------------------------------------------------+
; Flow OS Summary                                                                       ;
+-------------------------+------------------+------------+------------+----------------+
; Module Name             ; Machine Hostname ; OS Name    ; OS Version ; Processor type ;
+-------------------------+------------------+------------+------------+----------------+
; Analysis & Synthesis    ; tec107-          ; Windows XP ; 5.1        ; i686           ;
; Fitter                  ; tec107-          ; Windows XP ; 5.1        ; i686           ;
; Assembler               ; tec107-          ; Windows XP ; 5.1        ; i686           ;
; Classic Timing Analyzer ; tec107-          ; Windows XP ; 5.1        ; i686           ;
+-------------------------+------------------+------------+------------+----------------+


------------
; Flow Log ;
------------
quartus_map --read_settings_files=on --write_settings_files=off LabDigitalProject -c LabDigitalProject
quartus_fit --read_settings_files=off --write_settings_files=off LabDigitalProject -c LabDigitalProject
quartus_asm --read_settings_files=off --write_settings_files=off LabDigitalProject -c LabDigitalProject
quartus_tan --read_settings_files=off --write_settings_files=off LabDigitalProject -c LabDigitalProject --timing_analysis_only



